2025-03-21 11:06:30,821 p=9384 u=vagrant n=ansible | PLAY [Configure application server] ********************************************************************************************************************************************************
2025-03-21 11:06:30,832 p=9384 u=vagrant n=ansible | TASK [Gathering Facts] *********************************************************************************************************************************************************************
2025-03-21 11:06:32,129 p=9384 u=vagrant n=ansible | ok: [app]
2025-03-21 11:06:32,146 p=9384 u=vagrant n=ansible | TASK [Ping] ********************************************************************************************************************************************************************************
2025-03-21 11:06:32,531 p=9384 u=vagrant n=ansible | ok: [app]
2025-03-21 11:06:32,554 p=9384 u=vagrant n=ansible | PLAY RECAP *********************************************************************************************************************************************************************************
2025-03-21 11:06:32,554 p=9384 u=vagrant n=ansible | app                        : ok=2    changed=0    unreachable=0    failed=0    skipped=0    rescued=0    ignored=0   
2025-03-21 11:20:10,845 p=12414 u=vagrant n=ansible | Using /vagrant/ansible/ansible.cfg as config file
2025-03-21 11:20:11,154 p=12414 u=vagrant n=ansible | PLAY [Configure application server] *****************************************************************************************************************************************
2025-03-21 11:20:11,162 p=12414 u=vagrant n=ansible | TASK [Gathering Facts] ******************************************************************************************************************************************************
2025-03-21 11:20:12,184 p=12414 u=vagrant n=ansible | ok: [app]
2025-03-21 11:20:12,200 p=12414 u=vagrant n=ansible | TASK [Create application directory] *****************************************************************************************************************************************
2025-03-21 11:20:12,599 p=12414 u=vagrant n=ansible | changed: [app] => changed=true 
  gid: 0
  group: root
  mode: '0755'
  owner: root
  path: /opt/app
  secontext: unconfined_u:object_r:usr_t:s0
  size: 6
  state: directory
  uid: 0
2025-03-21 11:20:12,608 p=12414 u=vagrant n=ansible | TASK [Copy application script] **********************************************************************************************************************************************
2025-03-21 11:20:13,403 p=12414 u=vagrant n=ansible | changed: [app] => changed=true 
  checksum: 66532ebb05b252e4304014aa6b724211c599c207
  dest: /opt/app/app.sh
  gid: 0
  group: root
  md5sum: 88a069a93872f62fcd7aa03b8d78ae93
  mode: '0755'
  owner: root
  secontext: system_u:object_r:usr_t:s0
  size: 13
  src: /home/vagrant/.ansible/tmp/ansible-tmp-1742556012.6453788-12458-75269370785281/source
  state: file
  uid: 0
2025-03-21 11:20:13,407 p=12414 u=vagrant n=ansible | TASK [Create log directory] *************************************************************************************************************************************************
2025-03-21 11:20:13,735 p=12414 u=vagrant n=ansible | changed: [app] => changed=true 
  gid: 0
  group: root
  mode: '0755'
  owner: root
  path: /var/log/app
  secontext: unconfined_u:object_r:var_log_t:s0
  size: 6
  state: directory
  uid: 0
2025-03-21 11:20:13,739 p=12414 u=vagrant n=ansible | TASK [Create log file] ******************************************************************************************************************************************************
2025-03-21 11:20:14,066 p=12414 u=vagrant n=ansible | fatal: [app]: FAILED! => changed=false 
  msg: file (/var/log/app/app.log) is absent, cannot continue
  path: /var/log/app/app.log
  state: absent
2025-03-21 11:20:14,075 p=12414 u=vagrant n=ansible | PLAY RECAP ******************************************************************************************************************************************************************
2025-03-21 11:20:14,075 p=12414 u=vagrant n=ansible | app                        : ok=4    changed=3    unreachable=0    failed=1    skipped=0    rescued=0    ignored=0   
2025-03-21 11:20:34,160 p=12597 u=vagrant n=ansible | Using /vagrant/ansible/ansible.cfg as config file
2025-03-21 11:20:34,536 p=12597 u=vagrant n=ansible | PLAY [Configure application server] *****************************************************************************************************************************************
2025-03-21 11:20:34,547 p=12597 u=vagrant n=ansible | TASK [Gathering Facts] ******************************************************************************************************************************************************
2025-03-21 11:20:35,524 p=12597 u=vagrant n=ansible | ok: [app]
2025-03-21 11:20:35,540 p=12597 u=vagrant n=ansible | TASK [Create application directory] *****************************************************************************************************************************************
2025-03-21 11:20:35,968 p=12597 u=vagrant n=ansible | ok: [app] => changed=false 
  gid: 0
  group: root
  mode: '0755'
  owner: root
  path: /opt/app
  secontext: unconfined_u:object_r:usr_t:s0
  size: 20
  state: directory
  uid: 0
2025-03-21 11:20:35,975 p=12597 u=vagrant n=ansible | TASK [Copy application script] **********************************************************************************************************************************************
2025-03-21 11:20:36,655 p=12597 u=vagrant n=ansible | ok: [app] => changed=false 
  checksum: 66532ebb05b252e4304014aa6b724211c599c207
  dest: /opt/app/app.sh
  gid: 0
  group: root
  mode: '0755'
  owner: root
  path: /opt/app/app.sh
  secontext: system_u:object_r:usr_t:s0
  size: 13
  state: file
  uid: 0
2025-03-21 11:20:36,659 p=12597 u=vagrant n=ansible | TASK [Create log directory] *************************************************************************************************************************************************
2025-03-21 11:20:36,977 p=12597 u=vagrant n=ansible | ok: [app] => changed=false 
  gid: 0
  group: root
  mode: '0755'
  owner: root
  path: /var/log/app
  secontext: unconfined_u:object_r:var_log_t:s0
  size: 6
  state: directory
  uid: 0
2025-03-21 11:20:36,982 p=12597 u=vagrant n=ansible | TASK [Create log file] ******************************************************************************************************************************************************
2025-03-21 11:20:37,304 p=12597 u=vagrant n=ansible | fatal: [app]: FAILED! => changed=false 
  msg: 'value of state must be one of: absent, directory, file, hard, link, touch, got: present'
2025-03-21 11:20:37,313 p=12597 u=vagrant n=ansible | PLAY RECAP ******************************************************************************************************************************************************************
2025-03-21 11:20:37,313 p=12597 u=vagrant n=ansible | app                        : ok=4    changed=0    unreachable=0    failed=1    skipped=0    rescued=0    ignored=0   
2025-03-21 11:20:47,993 p=12748 u=vagrant n=ansible | Using /vagrant/ansible/ansible.cfg as config file
2025-03-21 11:20:48,314 p=12748 u=vagrant n=ansible | PLAY [Configure application server] *****************************************************************************************************************************************
2025-03-21 11:20:48,321 p=12748 u=vagrant n=ansible | TASK [Gathering Facts] ******************************************************************************************************************************************************
2025-03-21 11:20:49,286 p=12748 u=vagrant n=ansible | ok: [app]
2025-03-21 11:20:49,303 p=12748 u=vagrant n=ansible | TASK [Create application directory] *****************************************************************************************************************************************
2025-03-21 11:20:49,691 p=12748 u=vagrant n=ansible | ok: [app] => changed=false 
  gid: 0
  group: root
  mode: '0755'
  owner: root
  path: /opt/app
  secontext: unconfined_u:object_r:usr_t:s0
  size: 20
  state: directory
  uid: 0
2025-03-21 11:20:49,696 p=12748 u=vagrant n=ansible | TASK [Copy application script] **********************************************************************************************************************************************
2025-03-21 11:20:50,310 p=12748 u=vagrant n=ansible | ok: [app] => changed=false 
  checksum: 66532ebb05b252e4304014aa6b724211c599c207
  dest: /opt/app/app.sh
  gid: 0
  group: root
  mode: '0755'
  owner: root
  path: /opt/app/app.sh
  secontext: system_u:object_r:usr_t:s0
  size: 13
  state: file
  uid: 0
2025-03-21 11:20:50,316 p=12748 u=vagrant n=ansible | TASK [Create log directory] *************************************************************************************************************************************************
2025-03-21 11:20:50,648 p=12748 u=vagrant n=ansible | ok: [app] => changed=false 
  gid: 0
  group: root
  mode: '0755'
  owner: root
  path: /var/log/app
  secontext: unconfined_u:object_r:var_log_t:s0
  size: 6
  state: directory
  uid: 0
2025-03-21 11:20:50,653 p=12748 u=vagrant n=ansible | TASK [Create log file] ******************************************************************************************************************************************************
2025-03-21 11:20:50,969 p=12748 u=vagrant n=ansible | fatal: [app]: FAILED! => changed=false 
  msg: file (/var/log/app/app.log) is absent, cannot continue
  path: /var/log/app/app.log
  state: absent
2025-03-21 11:20:50,977 p=12748 u=vagrant n=ansible | PLAY RECAP ******************************************************************************************************************************************************************
2025-03-21 11:20:50,977 p=12748 u=vagrant n=ansible | app                        : ok=4    changed=0    unreachable=0    failed=1    skipped=0    rescued=0    ignored=0   
2025-03-21 11:21:32,224 p=12980 u=vagrant n=ansible | Using /vagrant/ansible/ansible.cfg as config file
2025-03-21 11:21:32,559 p=12980 u=vagrant n=ansible | PLAY [Configure application server] *****************************************************************************************************************************************
2025-03-21 11:21:32,567 p=12980 u=vagrant n=ansible | TASK [Gathering Facts] ******************************************************************************************************************************************************
2025-03-21 11:21:33,544 p=12980 u=vagrant n=ansible | ok: [app]
2025-03-21 11:21:33,566 p=12980 u=vagrant n=ansible | TASK [Create application directory] *****************************************************************************************************************************************
2025-03-21 11:21:33,996 p=12980 u=vagrant n=ansible | ok: [app] => changed=false 
  gid: 0
  group: root
  mode: '0755'
  owner: root
  path: /opt/app
  secontext: unconfined_u:object_r:usr_t:s0
  size: 20
  state: directory
  uid: 0
2025-03-21 11:21:34,002 p=12980 u=vagrant n=ansible | TASK [Copy application script] **********************************************************************************************************************************************
2025-03-21 11:21:34,641 p=12980 u=vagrant n=ansible | ok: [app] => changed=false 
  checksum: 66532ebb05b252e4304014aa6b724211c599c207
  dest: /opt/app/app.sh
  gid: 0
  group: root
  mode: '0755'
  owner: root
  path: /opt/app/app.sh
  secontext: system_u:object_r:usr_t:s0
  size: 13
  state: file
  uid: 0
2025-03-21 11:21:34,647 p=12980 u=vagrant n=ansible | TASK [Create log directory] *************************************************************************************************************************************************
2025-03-21 11:21:34,982 p=12980 u=vagrant n=ansible | ok: [app] => changed=false 
  gid: 0
  group: root
  mode: '0755'
  owner: root
  path: /var/log/app
  secontext: unconfined_u:object_r:var_log_t:s0
  size: 6
  state: directory
  uid: 0
2025-03-21 11:21:34,987 p=12980 u=vagrant n=ansible | TASK [Create log file] ******************************************************************************************************************************************************
2025-03-21 11:21:35,316 p=12980 u=vagrant n=ansible | changed: [app] => changed=true 
  dest: /var/log/app/app.log
  gid: 0
  group: root
  mode: '0644'
  owner: root
  secontext: unconfined_u:object_r:var_log_t:s0
  size: 0
  state: file
  uid: 0
2025-03-21 11:21:35,337 p=12980 u=vagrant n=ansible | PLAY RECAP ******************************************************************************************************************************************************************
2025-03-21 11:21:35,337 p=12980 u=vagrant n=ansible | app                        : ok=5    changed=1    unreachable=0    failed=0    skipped=0    rescued=0    ignored=0   
2025-03-21 11:22:33,976 p=13245 u=vagrant n=ansible | Using /vagrant/ansible/ansible.cfg as config file
2025-03-21 11:22:34,280 p=13245 u=vagrant n=ansible | PLAY [Configure application server] *****************************************************************************************************************************************
2025-03-21 11:22:34,288 p=13245 u=vagrant n=ansible | TASK [Gathering Facts] ******************************************************************************************************************************************************
2025-03-21 11:22:35,153 p=13245 u=vagrant n=ansible | ok: [app]
2025-03-21 11:22:35,171 p=13245 u=vagrant n=ansible | TASK [Create application directory] *****************************************************************************************************************************************
2025-03-21 11:22:35,561 p=13245 u=vagrant n=ansible | ok: [app] => changed=false 
  gid: 0
  group: root
  mode: '0755'
  owner: root
  path: /opt/app
  secontext: unconfined_u:object_r:usr_t:s0
  size: 20
  state: directory
  uid: 0
2025-03-21 11:22:35,567 p=13245 u=vagrant n=ansible | TASK [Copy application script] **********************************************************************************************************************************************
2025-03-21 11:22:36,334 p=13245 u=vagrant n=ansible | changed: [app] => changed=true 
  checksum: 3caa4a07d4d4375fb4a03a5d1e7f00e2cbab61f5
  dest: /opt/app/app.sh
  gid: 0
  group: root
  md5sum: 6d21de02e0937085915a30be3b8cb18f
  mode: '0755'
  owner: root
  secontext: system_u:object_r:usr_t:s0
  size: 69
  src: /home/vagrant/.ansible/tmp/ansible-tmp-1742556155.6083205-13284-32853178268736/source
  state: file
  uid: 0
2025-03-21 11:22:36,340 p=13245 u=vagrant n=ansible | TASK [Create log directory] *************************************************************************************************************************************************
2025-03-21 11:22:36,664 p=13245 u=vagrant n=ansible | ok: [app] => changed=false 
  gid: 0
  group: root
  mode: '0755'
  owner: root
  path: /var/log/app
  secontext: unconfined_u:object_r:var_log_t:s0
  size: 21
  state: directory
  uid: 0
2025-03-21 11:22:36,668 p=13245 u=vagrant n=ansible | TASK [Create log file] ******************************************************************************************************************************************************
2025-03-21 11:22:36,990 p=13245 u=vagrant n=ansible | changed: [app] => changed=true 
  dest: /var/log/app/app.log
  gid: 0
  group: root
  mode: '0644'
  owner: root
  secontext: unconfined_u:object_r:var_log_t:s0
  size: 0
  state: file
  uid: 0
2025-03-21 11:22:37,011 p=13245 u=vagrant n=ansible | PLAY RECAP ******************************************************************************************************************************************************************
2025-03-21 11:22:37,011 p=13245 u=vagrant n=ansible | app                        : ok=5    changed=2    unreachable=0    failed=0    skipped=0    rescued=0    ignored=0   
2025-03-21 11:23:08,923 p=13490 u=vagrant n=ansible | Using /vagrant/ansible/ansible.cfg as config file
2025-03-21 11:23:09,221 p=13490 u=vagrant n=ansible | PLAY [Configure application server] *****************************************************************************************************************************************
2025-03-21 11:23:09,228 p=13490 u=vagrant n=ansible | TASK [Gathering Facts] ******************************************************************************************************************************************************
2025-03-21 11:23:10,110 p=13490 u=vagrant n=ansible | ok: [app]
2025-03-21 11:23:10,129 p=13490 u=vagrant n=ansible | TASK [Create application directory] *****************************************************************************************************************************************
2025-03-21 11:23:10,520 p=13490 u=vagrant n=ansible | ok: [app] => changed=false 
  gid: 0
  group: root
  mode: '0755'
  owner: root
  path: /opt/app
  secontext: unconfined_u:object_r:usr_t:s0
  size: 20
  state: directory
  uid: 0
2025-03-21 11:23:10,526 p=13490 u=vagrant n=ansible | TASK [Copy application script] **********************************************************************************************************************************************
2025-03-21 11:23:11,141 p=13490 u=vagrant n=ansible | ok: [app] => changed=false 
  checksum: 3caa4a07d4d4375fb4a03a5d1e7f00e2cbab61f5
  dest: /opt/app/app.sh
  gid: 0
  group: root
  mode: '0755'
  owner: root
  path: /opt/app/app.sh
  secontext: system_u:object_r:usr_t:s0
  size: 69
  state: file
  uid: 0
2025-03-21 11:23:11,146 p=13490 u=vagrant n=ansible | TASK [Create log directory] *************************************************************************************************************************************************
2025-03-21 11:23:11,478 p=13490 u=vagrant n=ansible | ok: [app] => changed=false 
  gid: 0
  group: root
  mode: '0755'
  owner: root
  path: /var/log/app
  secontext: unconfined_u:object_r:var_log_t:s0
  size: 21
  state: directory
  uid: 0
2025-03-21 11:23:11,482 p=13490 u=vagrant n=ansible | TASK [Create log file] ******************************************************************************************************************************************************
2025-03-21 11:23:11,800 p=13490 u=vagrant n=ansible | changed: [app] => changed=true 
  dest: /var/log/app/app.log
  gid: 0
  group: root
  mode: '0666'
  owner: root
  secontext: unconfined_u:object_r:var_log_t:s0
  size: 0
  state: file
  uid: 0
2025-03-21 11:23:11,821 p=13490 u=vagrant n=ansible | PLAY RECAP ******************************************************************************************************************************************************************
2025-03-21 11:23:11,821 p=13490 u=vagrant n=ansible | app                        : ok=5    changed=1    unreachable=0    failed=0    skipped=0    rescued=0    ignored=0   
2025-03-21 11:27:24,359 p=14682 u=vagrant n=ansible | Using /vagrant/ansible/ansible.cfg as config file
2025-03-21 11:27:24,668 p=14682 u=vagrant n=ansible | PLAY [Configure application server] *****************************************************************************************************************************************
2025-03-21 11:27:24,675 p=14682 u=vagrant n=ansible | TASK [Gathering Facts] ******************************************************************************************************************************************************
2025-03-21 11:27:25,791 p=14682 u=vagrant n=ansible | ok: [app]
2025-03-21 11:27:25,807 p=14682 u=vagrant n=ansible | TASK [Create application directory] *****************************************************************************************************************************************
2025-03-21 11:27:26,202 p=14682 u=vagrant n=ansible | ok: [app] => changed=false 
  gid: 0
  group: root
  mode: '0755'
  owner: root
  path: /opt/app
  secontext: unconfined_u:object_r:usr_t:s0
  size: 20
  state: directory
  uid: 0
2025-03-21 11:27:26,207 p=14682 u=vagrant n=ansible | TASK [Copy application script] **********************************************************************************************************************************************
2025-03-21 11:27:27,019 p=14682 u=vagrant n=ansible | changed: [app] => changed=true 
  checksum: 8a92529c9692b67acb417cfae41389f2fdf3b66d
  dest: /opt/app/app.sh
  gid: 0
  group: root
  md5sum: 4eaffef4b9c9dd35fefcdbf33456e87a
  mode: '0755'
  owner: root
  secontext: system_u:object_r:usr_t:s0
  size: 94
  src: /home/vagrant/.ansible/tmp/ansible-tmp-1742556446.2482245-14739-214523254941962/source
  state: file
  uid: 0
2025-03-21 11:27:27,024 p=14682 u=vagrant n=ansible | TASK [Create log directory] *************************************************************************************************************************************************
2025-03-21 11:27:27,357 p=14682 u=vagrant n=ansible | ok: [app] => changed=false 
  gid: 0
  group: root
  mode: '0755'
  owner: root
  path: /var/log/app
  secontext: unconfined_u:object_r:var_log_t:s0
  size: 21
  state: directory
  uid: 0
2025-03-21 11:27:27,362 p=14682 u=vagrant n=ansible | TASK [Create log file] ******************************************************************************************************************************************************
2025-03-21 11:27:27,679 p=14682 u=vagrant n=ansible | changed: [app] => changed=true 
  dest: /var/log/app/app.log
  gid: 0
  group: root
  mode: '0666'
  owner: root
  secontext: unconfined_u:object_r:var_log_t:s0
  size: 125
  state: file
  uid: 0
2025-03-21 11:27:27,702 p=14682 u=vagrant n=ansible | PLAY RECAP ******************************************************************************************************************************************************************
2025-03-21 11:27:27,702 p=14682 u=vagrant n=ansible | app                        : ok=5    changed=2    unreachable=0    failed=0    skipped=0    rescued=0    ignored=0   
2025-03-21 12:00:15,080 p=15294 u=vagrant n=ansible | Using /vagrant/ansible/ansible.cfg as config file
2025-03-21 12:00:15,379 p=15294 u=vagrant n=ansible | PLAY [Configure application server] *****************************************************************************************************************************************
2025-03-21 12:00:15,385 p=15294 u=vagrant n=ansible | TASK [Gathering Facts] ******************************************************************************************************************************************************
2025-03-21 12:00:16,504 p=15294 u=vagrant n=ansible | ok: [app]
2025-03-21 12:00:16,520 p=15294 u=vagrant n=ansible | TASK [Create application directory] *****************************************************************************************************************************************
2025-03-21 12:00:16,911 p=15294 u=vagrant n=ansible | ok: [app] => changed=false 
  gid: 0
  group: root
  mode: '0755'
  owner: root
  path: /opt/app
  secontext: unconfined_u:object_r:usr_t:s0
  size: 20
  state: directory
  uid: 0
2025-03-21 12:00:16,916 p=15294 u=vagrant n=ansible | TASK [Copy application script] **********************************************************************************************************************************************
2025-03-21 12:00:17,717 p=15294 u=vagrant n=ansible | changed: [app] => changed=true 
  checksum: 5d1aa914811df09a1ff2b173b4320b3dab207679
  dest: /opt/app/app.sh
  gid: 0
  group: root
  md5sum: 6cb72b2e5c2d7ac5bd0ce4f6593435c4
  mode: '0755'
  owner: root
  secontext: system_u:object_r:usr_t:s0
  size: 216
  src: /home/vagrant/.ansible/tmp/ansible-tmp-1742558416.9571853-15340-85764499380482/source
  state: file
  uid: 0
2025-03-21 12:00:17,723 p=15294 u=vagrant n=ansible | TASK [Create log directory] *************************************************************************************************************************************************
2025-03-21 12:00:18,044 p=15294 u=vagrant n=ansible | ok: [app] => changed=false 
  gid: 0
  group: root
  mode: '0755'
  owner: root
  path: /var/log/app
  secontext: unconfined_u:object_r:var_log_t:s0
  size: 21
  state: directory
  uid: 0
2025-03-21 12:00:18,049 p=15294 u=vagrant n=ansible | TASK [Create log file] ******************************************************************************************************************************************************
2025-03-21 12:00:18,378 p=15294 u=vagrant n=ansible | changed: [app] => changed=true 
  dest: /var/log/app/app.log
  gid: 0
  group: root
  mode: '0666'
  owner: root
  secontext: unconfined_u:object_r:var_log_t:s0
  size: 150
  state: file
  uid: 0
2025-03-21 12:00:18,400 p=15294 u=vagrant n=ansible | PLAY RECAP ******************************************************************************************************************************************************************
2025-03-21 12:00:18,400 p=15294 u=vagrant n=ansible | app                        : ok=5    changed=2    unreachable=0    failed=0    skipped=0    rescued=0    ignored=0   
